  [1m[36m (139.9ms)[0m  [1mCREATE TABLE "schema_migrations" ("version" varchar NOT NULL) [0m
  [1m[35m (0.4ms)[0m  select sqlite_version(*)
  [1m[36m (139.6ms)[0m  [1mCREATE UNIQUE INDEX "unique_schema_migrations" ON "schema_migrations" ("version")[0m
  [1m[35mActiveRecord::SchemaMigration Load (0.5ms)[0m  SELECT "schema_migrations".* FROM "schema_migrations"
Migrating to CreatePesselForms (20150310164921)
  [1m[36m (0.2ms)[0m  [1mbegin transaction[0m
  [1m[35m (1.1ms)[0m  CREATE TABLE "pessel_forms" ("id" INTEGER PRIMARY KEY AUTOINCREMENT NOT NULL, "pessel" varchar, "created_at" datetime NOT NULL, "updated_at" datetime NOT NULL) 
  [1m[36mSQL (0.7ms)[0m  [1mINSERT INTO "schema_migrations" ("version") VALUES (?)[0m  [["version", "20150310164921"]]
  [1m[35m (160.4ms)[0m  commit transaction
  [1m[36mActiveRecord::SchemaMigration Load (0.4ms)[0m  [1mSELECT "schema_migrations".* FROM "schema_migrations"[0m


Started GET "/" for 127.0.0.1 at 2015-03-10 17:50:47 +0100
  [1m[36mActiveRecord::SchemaMigration Load (0.4ms)[0m  [1mSELECT "schema_migrations".* FROM "schema_migrations"[0m
Processing by Rails::WelcomeController#index as HTML
  Rendered /home/arsen/.rvm/gems/ruby-2.2.0/gems/railties-4.2.0/lib/rails/templates/rails/welcome/index.html.erb (5.3ms)
Completed 200 OK in 98ms (Views: 57.8ms | ActiveRecord: 0.0ms)


Started GET "/Pessel" for 127.0.0.1 at 2015-03-10 17:50:58 +0100

ActionController::RoutingError (No route matches [GET] "/Pessel"):
  actionpack (4.2.0) lib/action_dispatch/middleware/debug_exceptions.rb:21:in `call'
  web-console (2.1.1) lib/web_console/middleware.rb:37:in `call'
  actionpack (4.2.0) lib/action_dispatch/middleware/show_exceptions.rb:30:in `call'
  railties (4.2.0) lib/rails/rack/logger.rb:38:in `call_app'
  railties (4.2.0) lib/rails/rack/logger.rb:20:in `block in call'
  activesupport (4.2.0) lib/active_support/tagged_logging.rb:68:in `block in tagged'
  activesupport (4.2.0) lib/active_support/tagged_logging.rb:26:in `tagged'
  activesupport (4.2.0) lib/active_support/tagged_logging.rb:68:in `tagged'
  railties (4.2.0) lib/rails/rack/logger.rb:20:in `call'
  actionpack (4.2.0) lib/action_dispatch/middleware/request_id.rb:21:in `call'
  rack (1.6.0) lib/rack/methodoverride.rb:22:in `call'
  rack (1.6.0) lib/rack/runtime.rb:18:in `call'
  activesupport (4.2.0) lib/active_support/cache/strategy/local_cache_middleware.rb:28:in `call'
  rack (1.6.0) lib/rack/lock.rb:17:in `call'
  actionpack (4.2.0) lib/action_dispatch/middleware/static.rb:113:in `call'
  rack (1.6.0) lib/rack/sendfile.rb:113:in `call'
  railties (4.2.0) lib/rails/engine.rb:518:in `call'
  railties (4.2.0) lib/rails/application.rb:164:in `call'
  rack (1.6.0) lib/rack/lock.rb:17:in `call'
  rack (1.6.0) lib/rack/content_length.rb:15:in `call'
  rack (1.6.0) lib/rack/handler/webrick.rb:89:in `service'
  /home/arsen/.rvm/rubies/ruby-2.2.0/lib/ruby/2.2.0/webrick/httpserver.rb:138:in `service'
  /home/arsen/.rvm/rubies/ruby-2.2.0/lib/ruby/2.2.0/webrick/httpserver.rb:94:in `run'
  /home/arsen/.rvm/rubies/ruby-2.2.0/lib/ruby/2.2.0/webrick/server.rb:294:in `block in start_thread'


  Rendered /home/arsen/.rvm/gems/ruby-2.2.0/gems/actionpack-4.2.0/lib/action_dispatch/middleware/templates/rescues/_trace.html.erb (4.7ms)
  Rendered /home/arsen/.rvm/gems/ruby-2.2.0/gems/actionpack-4.2.0/lib/action_dispatch/middleware/templates/routes/_route.html.erb (4.4ms)
  Rendered /home/arsen/.rvm/gems/ruby-2.2.0/gems/actionpack-4.2.0/lib/action_dispatch/middleware/templates/routes/_table.html.erb (28.0ms)
  Rendered /home/arsen/.rvm/gems/ruby-2.2.0/gems/actionpack-4.2.0/lib/action_dispatch/middleware/templates/rescues/_request_and_response.html.erb (4.2ms)
  Rendered /home/arsen/.rvm/gems/ruby-2.2.0/gems/actionpack-4.2.0/lib/action_dispatch/middleware/templates/rescues/routing_error.html.erb within rescues/layout (111.1ms)
  Rendered /home/arsen/.rvm/gems/ruby-2.2.0/gems/web-console-2.1.1/lib/web_console/templates/_markup.html (2.5ms)
  Rendered /home/arsen/.rvm/gems/ruby-2.2.0/gems/web-console-2.1.1/lib/web_console/templates/style.css within layouts/inlined_string (1.0ms)
  Rendered /home/arsen/.rvm/gems/ruby-2.2.0/gems/web-console-2.1.1/lib/web_console/templates/_inner_console_markup.html within layouts/inlined_string (1.0ms)
  Rendered /home/arsen/.rvm/gems/ruby-2.2.0/gems/web-console-2.1.1/lib/web_console/templates/_prompt_box_markup.html within layouts/inlined_string (0.9ms)
  Rendered /home/arsen/.rvm/gems/ruby-2.2.0/gems/web-console-2.1.1/lib/web_console/templates/console.js within layouts/javascript (43.4ms)
  Rendered /home/arsen/.rvm/gems/ruby-2.2.0/gems/web-console-2.1.1/lib/web_console/templates/main.js within layouts/javascript (1.0ms)
  Rendered /home/arsen/.rvm/gems/ruby-2.2.0/gems/web-console-2.1.1/lib/web_console/templates/error_page.js within layouts/javascript (1.3ms)
  Rendered /home/arsen/.rvm/gems/ruby-2.2.0/gems/web-console-2.1.1/lib/web_console/templates/index.html (110.3ms)


Started GET "/Pessels" for 127.0.0.1 at 2015-03-10 17:51:07 +0100

ActionController::RoutingError (No route matches [GET] "/Pessels"):
  actionpack (4.2.0) lib/action_dispatch/middleware/debug_exceptions.rb:21:in `call'
  web-console (2.1.1) lib/web_console/middleware.rb:37:in `call'
  actionpack (4.2.0) lib/action_dispatch/middleware/show_exceptions.rb:30:in `call'
  railties (4.2.0) lib/rails/rack/logger.rb:38:in `call_app'
  railties (4.2.0) lib/rails/rack/logger.rb:20:in `block in call'
  activesupport (4.2.0) lib/active_support/tagged_logging.rb:68:in `block in tagged'
  activesupport (4.2.0) lib/active_support/tagged_logging.rb:26:in `tagged'
  activesupport (4.2.0) lib/active_support/tagged_logging.rb:68:in `tagged'
  railties (4.2.0) lib/rails/rack/logger.rb:20:in `call'
  actionpack (4.2.0) lib/action_dispatch/middleware/request_id.rb:21:in `call'
  rack (1.6.0) lib/rack/methodoverride.rb:22:in `call'
  rack (1.6.0) lib/rack/runtime.rb:18:in `call'
  activesupport (4.2.0) lib/active_support/cache/strategy/local_cache_middleware.rb:28:in `call'
  rack (1.6.0) lib/rack/lock.rb:17:in `call'
  actionpack (4.2.0) lib/action_dispatch/middleware/static.rb:113:in `call'
  rack (1.6.0) lib/rack/sendfile.rb:113:in `call'
  railties (4.2.0) lib/rails/engine.rb:518:in `call'
  railties (4.2.0) lib/rails/application.rb:164:in `call'
  rack (1.6.0) lib/rack/lock.rb:17:in `call'
  rack (1.6.0) lib/rack/content_length.rb:15:in `call'
  rack (1.6.0) lib/rack/handler/webrick.rb:89:in `service'
  /home/arsen/.rvm/rubies/ruby-2.2.0/lib/ruby/2.2.0/webrick/httpserver.rb:138:in `service'
  /home/arsen/.rvm/rubies/ruby-2.2.0/lib/ruby/2.2.0/webrick/httpserver.rb:94:in `run'
  /home/arsen/.rvm/rubies/ruby-2.2.0/lib/ruby/2.2.0/webrick/server.rb:294:in `block in start_thread'


  Rendered /home/arsen/.rvm/gems/ruby-2.2.0/gems/actionpack-4.2.0/lib/action_dispatch/middleware/templates/rescues/_trace.html.erb (4.9ms)
  Rendered /home/arsen/.rvm/gems/ruby-2.2.0/gems/actionpack-4.2.0/lib/action_dispatch/middleware/templates/routes/_route.html.erb (3.4ms)
  Rendered /home/arsen/.rvm/gems/ruby-2.2.0/gems/actionpack-4.2.0/lib/action_dispatch/middleware/templates/routes/_table.html.erb (3.6ms)
  Rendered /home/arsen/.rvm/gems/ruby-2.2.0/gems/actionpack-4.2.0/lib/action_dispatch/middleware/templates/rescues/_request_and_response.html.erb (3.3ms)
  Rendered /home/arsen/.rvm/gems/ruby-2.2.0/gems/actionpack-4.2.0/lib/action_dispatch/middleware/templates/rescues/routing_error.html.erb within rescues/layout (61.6ms)
  Rendered /home/arsen/.rvm/gems/ruby-2.2.0/gems/web-console-2.1.1/lib/web_console/templates/_markup.html (1.1ms)
  Rendered /home/arsen/.rvm/gems/ruby-2.2.0/gems/web-console-2.1.1/lib/web_console/templates/style.css within layouts/inlined_string (1.0ms)
  Rendered /home/arsen/.rvm/gems/ruby-2.2.0/gems/web-console-2.1.1/lib/web_console/templates/_inner_console_markup.html within layouts/inlined_string (1.1ms)
  Rendered /home/arsen/.rvm/gems/ruby-2.2.0/gems/web-console-2.1.1/lib/web_console/templates/_prompt_box_markup.html within layouts/inlined_string (1.2ms)
  Rendered /home/arsen/.rvm/gems/ruby-2.2.0/gems/web-console-2.1.1/lib/web_console/templates/console.js within layouts/javascript (37.7ms)
  Rendered /home/arsen/.rvm/gems/ruby-2.2.0/gems/web-console-2.1.1/lib/web_console/templates/main.js within layouts/javascript (1.0ms)
  Rendered /home/arsen/.rvm/gems/ruby-2.2.0/gems/web-console-2.1.1/lib/web_console/templates/error_page.js within layouts/javascript (1.3ms)
  Rendered /home/arsen/.rvm/gems/ruby-2.2.0/gems/web-console-2.1.1/lib/web_console/templates/index.html (76.8ms)


Started GET "/pessels" for 127.0.0.1 at 2015-03-10 17:51:13 +0100

ActionController::RoutingError (No route matches [GET] "/pessels"):
  actionpack (4.2.0) lib/action_dispatch/middleware/debug_exceptions.rb:21:in `call'
  web-console (2.1.1) lib/web_console/middleware.rb:37:in `call'
  actionpack (4.2.0) lib/action_dispatch/middleware/show_exceptions.rb:30:in `call'
  railties (4.2.0) lib/rails/rack/logger.rb:38:in `call_app'
  railties (4.2.0) lib/rails/rack/logger.rb:20:in `block in call'
  activesupport (4.2.0) lib/active_support/tagged_logging.rb:68:in `block in tagged'
  activesupport (4.2.0) lib/active_support/tagged_logging.rb:26:in `tagged'
  activesupport (4.2.0) lib/active_support/tagged_logging.rb:68:in `tagged'
  railties (4.2.0) lib/rails/rack/logger.rb:20:in `call'
  actionpack (4.2.0) lib/action_dispatch/middleware/request_id.rb:21:in `call'
  rack (1.6.0) lib/rack/methodoverride.rb:22:in `call'
  rack (1.6.0) lib/rack/runtime.rb:18:in `call'
  activesupport (4.2.0) lib/active_support/cache/strategy/local_cache_middleware.rb:28:in `call'
  rack (1.6.0) lib/rack/lock.rb:17:in `call'
  actionpack (4.2.0) lib/action_dispatch/middleware/static.rb:113:in `call'
  rack (1.6.0) lib/rack/sendfile.rb:113:in `call'
  railties (4.2.0) lib/rails/engine.rb:518:in `call'
  railties (4.2.0) lib/rails/application.rb:164:in `call'
  rack (1.6.0) lib/rack/lock.rb:17:in `call'
  rack (1.6.0) lib/rack/content_length.rb:15:in `call'
  rack (1.6.0) lib/rack/handler/webrick.rb:89:in `service'
  /home/arsen/.rvm/rubies/ruby-2.2.0/lib/ruby/2.2.0/webrick/httpserver.rb:138:in `service'
  /home/arsen/.rvm/rubies/ruby-2.2.0/lib/ruby/2.2.0/webrick/httpserver.rb:94:in `run'
  /home/arsen/.rvm/rubies/ruby-2.2.0/lib/ruby/2.2.0/webrick/server.rb:294:in `block in start_thread'


  Rendered /home/arsen/.rvm/gems/ruby-2.2.0/gems/actionpack-4.2.0/lib/action_dispatch/middleware/templates/rescues/_trace.html.erb (4.7ms)
  Rendered /home/arsen/.rvm/gems/ruby-2.2.0/gems/actionpack-4.2.0/lib/action_dispatch/middleware/templates/routes/_route.html.erb (4.0ms)
  Rendered /home/arsen/.rvm/gems/ruby-2.2.0/gems/actionpack-4.2.0/lib/action_dispatch/middleware/templates/routes/_table.html.erb (4.7ms)
  Rendered /home/arsen/.rvm/gems/ruby-2.2.0/gems/actionpack-4.2.0/lib/action_dispatch/middleware/templates/rescues/_request_and_response.html.erb (3.6ms)
  Rendered /home/arsen/.rvm/gems/ruby-2.2.0/gems/actionpack-4.2.0/lib/action_dispatch/middleware/templates/rescues/routing_error.html.erb within rescues/layout (63.9ms)
  Rendered /home/arsen/.rvm/gems/ruby-2.2.0/gems/web-console-2.1.1/lib/web_console/templates/_markup.html (1.1ms)
  Rendered /home/arsen/.rvm/gems/ruby-2.2.0/gems/web-console-2.1.1/lib/web_console/templates/style.css within layouts/inlined_string (1.0ms)
  Rendered /home/arsen/.rvm/gems/ruby-2.2.0/gems/web-console-2.1.1/lib/web_console/templates/_inner_console_markup.html within layouts/inlined_string (1.1ms)
  Rendered /home/arsen/.rvm/gems/ruby-2.2.0/gems/web-console-2.1.1/lib/web_console/templates/_prompt_box_markup.html within layouts/inlined_string (1.1ms)
  Rendered /home/arsen/.rvm/gems/ruby-2.2.0/gems/web-console-2.1.1/lib/web_console/templates/console.js within layouts/javascript (38.3ms)
  Rendered /home/arsen/.rvm/gems/ruby-2.2.0/gems/web-console-2.1.1/lib/web_console/templates/main.js within layouts/javascript (1.0ms)
  Rendered /home/arsen/.rvm/gems/ruby-2.2.0/gems/web-console-2.1.1/lib/web_console/templates/error_page.js within layouts/javascript (1.3ms)
  Rendered /home/arsen/.rvm/gems/ruby-2.2.0/gems/web-console-2.1.1/lib/web_console/templates/index.html (77.8ms)


Started GET "/pessel_form" for 127.0.0.1 at 2015-03-10 17:51:22 +0100

ActionController::RoutingError (No route matches [GET] "/pessel_form"):
  actionpack (4.2.0) lib/action_dispatch/middleware/debug_exceptions.rb:21:in `call'
  web-console (2.1.1) lib/web_console/middleware.rb:37:in `call'
  actionpack (4.2.0) lib/action_dispatch/middleware/show_exceptions.rb:30:in `call'
  railties (4.2.0) lib/rails/rack/logger.rb:38:in `call_app'
  railties (4.2.0) lib/rails/rack/logger.rb:20:in `block in call'
  activesupport (4.2.0) lib/active_support/tagged_logging.rb:68:in `block in tagged'
  activesupport (4.2.0) lib/active_support/tagged_logging.rb:26:in `tagged'
  activesupport (4.2.0) lib/active_support/tagged_logging.rb:68:in `tagged'
  railties (4.2.0) lib/rails/rack/logger.rb:20:in `call'
  actionpack (4.2.0) lib/action_dispatch/middleware/request_id.rb:21:in `call'
  rack (1.6.0) lib/rack/methodoverride.rb:22:in `call'
  rack (1.6.0) lib/rack/runtime.rb:18:in `call'
  activesupport (4.2.0) lib/active_support/cache/strategy/local_cache_middleware.rb:28:in `call'
  rack (1.6.0) lib/rack/lock.rb:17:in `call'
  actionpack (4.2.0) lib/action_dispatch/middleware/static.rb:113:in `call'
  rack (1.6.0) lib/rack/sendfile.rb:113:in `call'
  railties (4.2.0) lib/rails/engine.rb:518:in `call'
  railties (4.2.0) lib/rails/application.rb:164:in `call'
  rack (1.6.0) lib/rack/lock.rb:17:in `call'
  rack (1.6.0) lib/rack/content_length.rb:15:in `call'
  rack (1.6.0) lib/rack/handler/webrick.rb:89:in `service'
  /home/arsen/.rvm/rubies/ruby-2.2.0/lib/ruby/2.2.0/webrick/httpserver.rb:138:in `service'
  /home/arsen/.rvm/rubies/ruby-2.2.0/lib/ruby/2.2.0/webrick/httpserver.rb:94:in `run'
  /home/arsen/.rvm/rubies/ruby-2.2.0/lib/ruby/2.2.0/webrick/server.rb:294:in `block in start_thread'


  Rendered /home/arsen/.rvm/gems/ruby-2.2.0/gems/actionpack-4.2.0/lib/action_dispatch/middleware/templates/rescues/_trace.html.erb (5.1ms)
  Rendered /home/arsen/.rvm/gems/ruby-2.2.0/gems/actionpack-4.2.0/lib/action_dispatch/middleware/templates/routes/_route.html.erb (3.3ms)
  Rendered /home/arsen/.rvm/gems/ruby-2.2.0/gems/actionpack-4.2.0/lib/action_dispatch/middleware/templates/routes/_table.html.erb (3.9ms)
  Rendered /home/arsen/.rvm/gems/ruby-2.2.0/gems/actionpack-4.2.0/lib/action_dispatch/middleware/templates/rescues/_request_and_response.html.erb (3.5ms)
  Rendered /home/arsen/.rvm/gems/ruby-2.2.0/gems/actionpack-4.2.0/lib/action_dispatch/middleware/templates/rescues/routing_error.html.erb within rescues/layout (62.6ms)
  Rendered /home/arsen/.rvm/gems/ruby-2.2.0/gems/web-console-2.1.1/lib/web_console/templates/_markup.html (1.1ms)
  Rendered /home/arsen/.rvm/gems/ruby-2.2.0/gems/web-console-2.1.1/lib/web_console/templates/style.css within layouts/inlined_string (1.0ms)
  Rendered /home/arsen/.rvm/gems/ruby-2.2.0/gems/web-console-2.1.1/lib/web_console/templates/_inner_console_markup.html within layouts/inlined_string (1.6ms)
  Rendered /home/arsen/.rvm/gems/ruby-2.2.0/gems/web-console-2.1.1/lib/web_console/templates/_prompt_box_markup.html within layouts/inlined_string (1.4ms)
  Rendered /home/arsen/.rvm/gems/ruby-2.2.0/gems/web-console-2.1.1/lib/web_console/templates/console.js within layouts/javascript (39.1ms)
  Rendered /home/arsen/.rvm/gems/ruby-2.2.0/gems/web-console-2.1.1/lib/web_console/templates/main.js within layouts/javascript (1.1ms)
  Rendered /home/arsen/.rvm/gems/ruby-2.2.0/gems/web-console-2.1.1/lib/web_console/templates/error_page.js within layouts/javascript (1.2ms)
  Rendered /home/arsen/.rvm/gems/ruby-2.2.0/gems/web-console-2.1.1/lib/web_console/templates/index.html (79.4ms)


Started GET "/Pessel_form" for 127.0.0.1 at 2015-03-10 17:51:25 +0100

ActionController::RoutingError (No route matches [GET] "/Pessel_form"):
  actionpack (4.2.0) lib/action_dispatch/middleware/debug_exceptions.rb:21:in `call'
  web-console (2.1.1) lib/web_console/middleware.rb:37:in `call'
  actionpack (4.2.0) lib/action_dispatch/middleware/show_exceptions.rb:30:in `call'
  railties (4.2.0) lib/rails/rack/logger.rb:38:in `call_app'
  railties (4.2.0) lib/rails/rack/logger.rb:20:in `block in call'
  activesupport (4.2.0) lib/active_support/tagged_logging.rb:68:in `block in tagged'
  activesupport (4.2.0) lib/active_support/tagged_logging.rb:26:in `tagged'
  activesupport (4.2.0) lib/active_support/tagged_logging.rb:68:in `tagged'
  railties (4.2.0) lib/rails/rack/logger.rb:20:in `call'
  actionpack (4.2.0) lib/action_dispatch/middleware/request_id.rb:21:in `call'
  rack (1.6.0) lib/rack/methodoverride.rb:22:in `call'
  rack (1.6.0) lib/rack/runtime.rb:18:in `call'
  activesupport (4.2.0) lib/active_support/cache/strategy/local_cache_middleware.rb:28:in `call'
  rack (1.6.0) lib/rack/lock.rb:17:in `call'
  actionpack (4.2.0) lib/action_dispatch/middleware/static.rb:113:in `call'
  rack (1.6.0) lib/rack/sendfile.rb:113:in `call'
  railties (4.2.0) lib/rails/engine.rb:518:in `call'
  railties (4.2.0) lib/rails/application.rb:164:in `call'
  rack (1.6.0) lib/rack/lock.rb:17:in `call'
  rack (1.6.0) lib/rack/content_length.rb:15:in `call'
  rack (1.6.0) lib/rack/handler/webrick.rb:89:in `service'
  /home/arsen/.rvm/rubies/ruby-2.2.0/lib/ruby/2.2.0/webrick/httpserver.rb:138:in `service'
  /home/arsen/.rvm/rubies/ruby-2.2.0/lib/ruby/2.2.0/webrick/httpserver.rb:94:in `run'
  /home/arsen/.rvm/rubies/ruby-2.2.0/lib/ruby/2.2.0/webrick/server.rb:294:in `block in start_thread'


  Rendered /home/arsen/.rvm/gems/ruby-2.2.0/gems/actionpack-4.2.0/lib/action_dispatch/middleware/templates/rescues/_trace.html.erb (4.6ms)
  Rendered /home/arsen/.rvm/gems/ruby-2.2.0/gems/actionpack-4.2.0/lib/action_dispatch/middleware/templates/routes/_route.html.erb (3.3ms)
  Rendered /home/arsen/.rvm/gems/ruby-2.2.0/gems/actionpack-4.2.0/lib/action_dispatch/middleware/templates/routes/_table.html.erb (4.2ms)
  Rendered /home/arsen/.rvm/gems/ruby-2.2.0/gems/actionpack-4.2.0/lib/action_dispatch/middleware/templates/rescues/_request_and_response.html.erb (3.7ms)
  Rendered /home/arsen/.rvm/gems/ruby-2.2.0/gems/actionpack-4.2.0/lib/action_dispatch/middleware/templates/rescues/routing_error.html.erb within rescues/layout (64.4ms)
  Rendered /home/arsen/.rvm/gems/ruby-2.2.0/gems/web-console-2.1.1/lib/web_console/templates/_markup.html (1.1ms)
  Rendered /home/arsen/.rvm/gems/ruby-2.2.0/gems/web-console-2.1.1/lib/web_console/templates/style.css within layouts/inlined_string (0.9ms)
  Rendered /home/arsen/.rvm/gems/ruby-2.2.0/gems/web-console-2.1.1/lib/web_console/templates/_inner_console_markup.html within layouts/inlined_string (1.0ms)
  Rendered /home/arsen/.rvm/gems/ruby-2.2.0/gems/web-console-2.1.1/lib/web_console/templates/_prompt_box_markup.html within layouts/inlined_string (1.3ms)
  Rendered /home/arsen/.rvm/gems/ruby-2.2.0/gems/web-console-2.1.1/lib/web_console/templates/console.js within layouts/javascript (37.9ms)
  Rendered /home/arsen/.rvm/gems/ruby-2.2.0/gems/web-console-2.1.1/lib/web_console/templates/main.js within layouts/javascript (1.0ms)
  Rendered /home/arsen/.rvm/gems/ruby-2.2.0/gems/web-console-2.1.1/lib/web_console/templates/error_page.js within layouts/javascript (1.4ms)
  Rendered /home/arsen/.rvm/gems/ruby-2.2.0/gems/web-console-2.1.1/lib/web_console/templates/index.html (77.4ms)


Started GET "/pessel_forms" for 127.0.0.1 at 2015-03-10 17:51:38 +0100
Processing by PesselFormsController#index as HTML
  [1m[35mPesselForm Load (0.6ms)[0m  SELECT "pessel_forms".* FROM "pessel_forms"
  Rendered pessel_forms/index.html.erb within layouts/application (6.6ms)
Completed 200 OK in 2129ms (Views: 2120.6ms | ActiveRecord: 1.2ms)


Started GET "/assets/pessel_forms-64e62ddc273c2f5847f30d698ca14b67.css?body=1" for 127.0.0.1 at 2015-03-10 17:51:40 +0100


Started GET "/assets/scaffolds-1185cf9cc903db59f7e32e4a8b9eff05.css?body=1" for 127.0.0.1 at 2015-03-10 17:51:40 +0100


Started GET "/assets/application-1f4fa50927e82c3653e1d30860634109.css?body=1" for 127.0.0.1 at 2015-03-10 17:51:40 +0100


Started GET "/assets/application-001948a807d6467a657420955d9f0c1c.js?body=1" for 127.0.0.1 at 2015-03-10 17:51:40 +0100


Started GET "/assets/pessel_forms-fcec5b5a277ac7c20cc9f45a209a3bcd.js?body=1" for 127.0.0.1 at 2015-03-10 17:51:40 +0100


Started GET "/pessel_forms/new" for 127.0.0.1 at 2015-03-10 17:51:48 +0100
Processing by PesselFormsController#new as HTML
  Rendered pessel_forms/_form.html.erb (75.3ms)
  Rendered pessel_forms/new.html.erb within layouts/application (79.5ms)
Completed 200 OK in 203ms (Views: 192.3ms | ActiveRecord: 0.7ms)


Started GET "/pessel_forms" for 127.0.0.1 at 2015-03-10 17:51:51 +0100
Processing by PesselFormsController#index as HTML
  [1m[36mPesselForm Load (0.6ms)[0m  [1mSELECT "pessel_forms".* FROM "pessel_forms"[0m
  Rendered pessel_forms/index.html.erb within layouts/application (5.5ms)
Completed 200 OK in 125ms (Views: 122.3ms | ActiveRecord: 0.6ms)


Started GET "/pessel_forms/new" for 127.0.0.1 at 2015-03-10 17:51:53 +0100
Processing by PesselFormsController#new as HTML
  Rendered pessel_forms/_form.html.erb (5.6ms)
  Rendered pessel_forms/new.html.erb within layouts/application (7.9ms)
Completed 200 OK in 127ms (Views: 125.2ms | ActiveRecord: 0.0ms)


Started POST "/pessel_forms" for 127.0.0.1 at 2015-03-10 17:51:57 +0100
Processing by PesselFormsController#create as HTML
  Parameters: {"utf8"=>"✓", "authenticity_token"=>"Ef8ntnX0vfwt1XgAXK5z5wI8i6EmKcpKALoiNJuGd9LZ+ADPtrTAeOXE7o55KymmPZE7cfkG7whQey97UrNzCA==", "pessel_form"=>{"pessel"=>"11111"}, "commit"=>"Create Pessel form"}
  [1m[35m (0.3ms)[0m  begin transaction
  [1m[36mSQL (1.1ms)[0m  [1mINSERT INTO "pessel_forms" ("pessel", "created_at", "updated_at") VALUES (?, ?, ?)[0m  [["pessel", "11111"], ["created_at", "2015-03-10 16:51:57.718979"], ["updated_at", "2015-03-10 16:51:57.718979"]]
  [1m[35m (286.1ms)[0m  commit transaction
Redirected to http://localhost:3000/pessel_forms/1
Completed 302 Found in 315ms (ActiveRecord: 287.4ms)


Started GET "/pessel_forms/1" for 127.0.0.1 at 2015-03-10 17:51:58 +0100
Processing by PesselFormsController#show as HTML
  Parameters: {"id"=>"1"}
  [1m[36mPesselForm Load (0.6ms)[0m  [1mSELECT  "pessel_forms".* FROM "pessel_forms" WHERE "pessel_forms"."id" = ? LIMIT 1[0m  [["id", 1]]
  Rendered pessel_forms/show.html.erb within layouts/application (2.7ms)
Completed 200 OK in 195ms (Views: 147.6ms | ActiveRecord: 0.6ms)


Started GET "/pessel_forms" for 127.0.0.1 at 2015-03-10 17:52:02 +0100
Processing by PesselFormsController#index as HTML
  [1m[35mPesselForm Load (0.5ms)[0m  SELECT "pessel_forms".* FROM "pessel_forms"
  Rendered pessel_forms/index.html.erb within layouts/application (4.6ms)
Completed 200 OK in 133ms (Views: 130.7ms | ActiveRecord: 0.5ms)


Started GET "/pessel_forms" for 127.0.0.1 at 2015-03-10 17:53:42 +0100
  [1m[36mActiveRecord::SchemaMigration Load (0.4ms)[0m  [1mSELECT "schema_migrations".* FROM "schema_migrations"[0m
Processing by PesselFormsController#index as HTML
Completed 500 Internal Server Error in 31ms

ArgumentError (You need to supply at least one validation):
  app/models/pessel_form.rb:2:in `<class:PesselForm>'
  app/models/pessel_form.rb:1:in `<top (required)>'
  app/controllers/pessel_forms_controller.rb:7:in `index'


  Rendered /home/arsen/.rvm/gems/ruby-2.2.0/gems/actionpack-4.2.0/lib/action_dispatch/middleware/templates/rescues/_source.erb (23.1ms)
  Rendered /home/arsen/.rvm/gems/ruby-2.2.0/gems/actionpack-4.2.0/lib/action_dispatch/middleware/templates/rescues/_trace.html.erb (8.9ms)
  Rendered /home/arsen/.rvm/gems/ruby-2.2.0/gems/actionpack-4.2.0/lib/action_dispatch/middleware/templates/rescues/_request_and_response.html.erb (2.8ms)
  Rendered /home/arsen/.rvm/gems/ruby-2.2.0/gems/actionpack-4.2.0/lib/action_dispatch/middleware/templates/rescues/diagnostics.html.erb within rescues/layout (69.4ms)
  Rendered /home/arsen/.rvm/gems/ruby-2.2.0/gems/web-console-2.1.1/lib/web_console/templates/_markup.html (1.3ms)
  Rendered /home/arsen/.rvm/gems/ruby-2.2.0/gems/web-console-2.1.1/lib/web_console/templates/style.css within layouts/inlined_string (1.3ms)
  Rendered /home/arsen/.rvm/gems/ruby-2.2.0/gems/web-console-2.1.1/lib/web_console/templates/_inner_console_markup.html within layouts/inlined_string (1.1ms)
  Rendered /home/arsen/.rvm/gems/ruby-2.2.0/gems/web-console-2.1.1/lib/web_console/templates/_prompt_box_markup.html within layouts/inlined_string (1.1ms)
  Rendered /home/arsen/.rvm/gems/ruby-2.2.0/gems/web-console-2.1.1/lib/web_console/templates/console.js within layouts/javascript (37.9ms)
  Rendered /home/arsen/.rvm/gems/ruby-2.2.0/gems/web-console-2.1.1/lib/web_console/templates/main.js within layouts/javascript (1.0ms)
  Rendered /home/arsen/.rvm/gems/ruby-2.2.0/gems/web-console-2.1.1/lib/web_console/templates/error_page.js within layouts/javascript (1.3ms)
  Rendered /home/arsen/.rvm/gems/ruby-2.2.0/gems/web-console-2.1.1/lib/web_console/templates/index.html (81.8ms)


Started GET "/pessel_forms" for 127.0.0.1 at 2015-03-10 17:54:55 +0100
  [1m[36mActiveRecord::SchemaMigration Load (0.4ms)[0m  [1mSELECT "schema_migrations".* FROM "schema_migrations"[0m
Processing by PesselFormsController#index as HTML
Completed 500 Internal Server Error in 30ms

SyntaxError (/home/arsen/semester/Ruby/Pessel/app/models/pessel_form.rb:2: syntax error, unexpected keyword_true, expecting keyword_do or '{' or '('):
  app/models/pessel_form.rb:2: syntax error, unexpected keyword_true, expecting keyword_do or '{' or '('
  app/controllers/pessel_forms_controller.rb:7:in `index'


  Rendered /home/arsen/.rvm/gems/ruby-2.2.0/gems/actionpack-4.2.0/lib/action_dispatch/middleware/templates/rescues/_source.erb (19.4ms)
  Rendered /home/arsen/.rvm/gems/ruby-2.2.0/gems/actionpack-4.2.0/lib/action_dispatch/middleware/templates/rescues/_trace.html.erb (9.4ms)
  Rendered /home/arsen/.rvm/gems/ruby-2.2.0/gems/actionpack-4.2.0/lib/action_dispatch/middleware/templates/rescues/_request_and_response.html.erb (3.0ms)
  Rendered /home/arsen/.rvm/gems/ruby-2.2.0/gems/actionpack-4.2.0/lib/action_dispatch/middleware/templates/rescues/diagnostics.html.erb within rescues/layout (65.1ms)
  Rendered /home/arsen/.rvm/gems/ruby-2.2.0/gems/web-console-2.1.1/lib/web_console/templates/_markup.html (1.1ms)
  Rendered /home/arsen/.rvm/gems/ruby-2.2.0/gems/web-console-2.1.1/lib/web_console/templates/style.css within layouts/inlined_string (1.1ms)
  Rendered /home/arsen/.rvm/gems/ruby-2.2.0/gems/web-console-2.1.1/lib/web_console/templates/_inner_console_markup.html within layouts/inlined_string (1.0ms)
  Rendered /home/arsen/.rvm/gems/ruby-2.2.0/gems/web-console-2.1.1/lib/web_console/templates/_prompt_box_markup.html within layouts/inlined_string (1.0ms)
  Rendered /home/arsen/.rvm/gems/ruby-2.2.0/gems/web-console-2.1.1/lib/web_console/templates/console.js within layouts/javascript (37.7ms)
  Rendered /home/arsen/.rvm/gems/ruby-2.2.0/gems/web-console-2.1.1/lib/web_console/templates/main.js within layouts/javascript (1.0ms)
  Rendered /home/arsen/.rvm/gems/ruby-2.2.0/gems/web-console-2.1.1/lib/web_console/templates/error_page.js within layouts/javascript (1.3ms)
  Rendered /home/arsen/.rvm/gems/ruby-2.2.0/gems/web-console-2.1.1/lib/web_console/templates/index.html (81.7ms)


Started GET "/pessel_forms" for 127.0.0.1 at 2015-03-10 17:56:27 +0100
  [1m[36mActiveRecord::SchemaMigration Load (0.4ms)[0m  [1mSELECT "schema_migrations".* FROM "schema_migrations"[0m
Processing by PesselFormsController#index as HTML
  [1m[35mPesselForm Load (0.5ms)[0m  SELECT "pessel_forms".* FROM "pessel_forms"
  Rendered pessel_forms/index.html.erb within layouts/application (19.4ms)
Completed 200 OK in 253ms (Views: 220.3ms | ActiveRecord: 1.5ms)


Started GET "/pessel_forms/new" for 127.0.0.1 at 2015-03-10 17:56:31 +0100
Processing by PesselFormsController#new as HTML
  Rendered pessel_forms/_form.html.erb (39.0ms)
  Rendered pessel_forms/new.html.erb within layouts/application (48.7ms)
Completed 200 OK in 161ms (Views: 159.0ms | ActiveRecord: 0.0ms)


Started POST "/pessel_forms" for 127.0.0.1 at 2015-03-10 17:56:33 +0100
Processing by PesselFormsController#create as HTML
  Parameters: {"utf8"=>"✓", "authenticity_token"=>"qMJf7gqf8MA34pG3ULR9ESHZ7GXFcazmEtyEzlbeYV9gxXiXyd+NRP/zBzl1MSdQHnRctRpeiaRCHYmBn+tlhQ==", "pessel_form"=>{"pessel"=>""}, "commit"=>"Create Pessel form"}
  [1m[36m (0.3ms)[0m  [1mbegin transaction[0m
  [1m[35m (0.2ms)[0m  rollback transaction
  Rendered pessel_forms/_form.html.erb (11.7ms)
  Rendered pessel_forms/new.html.erb within layouts/application (16.2ms)
Completed 200 OK in 153ms (Views: 135.6ms | ActiveRecord: 0.5ms)


Started GET "/pessel_forms" for 127.0.0.1 at 2015-03-10 18:01:08 +0100
Processing by PesselFormsController#index as HTML
  [1m[36mPesselForm Load (0.8ms)[0m  [1mSELECT "pessel_forms".* FROM "pessel_forms"[0m
  Rendered pessel_forms/index.html.erb within layouts/application (38.9ms)
Completed 200 OK in 183ms (Views: 173.9ms | ActiveRecord: 2.0ms)


Started GET "/pessel_forms/new" for 127.0.0.1 at 2015-03-10 18:01:10 +0100
Processing by PesselFormsController#new as HTML
  Rendered pessel_forms/_form.html.erb (3.8ms)
  Rendered pessel_forms/new.html.erb within layouts/application (7.0ms)
Completed 200 OK in 124ms (Views: 122.7ms | ActiveRecord: 0.0ms)


Started POST "/pessel_forms" for 127.0.0.1 at 2015-03-10 18:01:13 +0100
Processing by PesselFormsController#create as HTML
  Parameters: {"utf8"=>"✓", "authenticity_token"=>"udIHfdekOQTj99408amXyDxp+/2uo2oaWKHW/q8C7PJx1SAEFOREgCvmSLrULM2JA8RLLXGMT1gIYNuxZjfoKA==", "pessel_form"=>{"pessel"=>"12"}, "commit"=>"Create Pessel form"}
  [1m[35m (0.6ms)[0m  begin transaction
  [1m[36m (0.2ms)[0m  [1mrollback transaction[0m
  Rendered pessel_forms/_form.html.erb (6.9ms)
  Rendered pessel_forms/new.html.erb within layouts/application (10.1ms)
Completed 200 OK in 140ms (Views: 124.4ms | ActiveRecord: 0.8ms)


Started POST "/pessel_forms" for 127.0.0.1 at 2015-03-10 18:01:20 +0100
Processing by PesselFormsController#create as HTML
  Parameters: {"utf8"=>"✓", "authenticity_token"=>"rMBTjFWB7aLYMyXUgaJHe9Q8lPncEzLVZ0C3na7bf45kx3T1lsGQJhAis1qkJx0665EkKQM8F5c3gbrSZ+57VA==", "pessel_form"=>{"pessel"=>"12"}, "commit"=>"Create Pessel form"}
  [1m[35m (0.2ms)[0m  begin transaction
  [1m[36m (0.2ms)[0m  [1mrollback transaction[0m
  Rendered pessel_forms/_form.html.erb (5.4ms)
  Rendered pessel_forms/new.html.erb within layouts/application (7.6ms)
Completed 200 OK in 132ms (Views: 121.4ms | ActiveRecord: 0.4ms)


Started POST "/pessel_forms" for 127.0.0.1 at 2015-03-10 18:01:23 +0100
Processing by PesselFormsController#create as HTML
  Parameters: {"utf8"=>"✓", "authenticity_token"=>"8rTkzN88TUVSb/TttJG5mlzRtEPizmjtk0hZ+u0VBk06s8O1HHwwwZp+YmORFOPbY3wEkz3hTa/DiVS1JCAClw==", "pessel_form"=>{"pessel"=>""}, "commit"=>"Create Pessel form"}
  [1m[35m (0.2ms)[0m  begin transaction
  [1m[36m (0.3ms)[0m  [1mrollback transaction[0m
  Rendered pessel_forms/_form.html.erb (11.9ms)
  Rendered pessel_forms/new.html.erb within layouts/application (14.4ms)
Completed 200 OK in 153ms (Views: 139.6ms | ActiveRecord: 0.5ms)


Started GET "/pessel_forms" for 127.0.0.1 at 2015-03-10 18:10:10 +0100
Processing by PesselFormsController#index as HTML
  [1m[35mPesselForm Load (1.2ms)[0m  SELECT "pessel_forms".* FROM "pessel_forms"
  Rendered pessel_forms/index.html.erb within layouts/application (15.5ms)
Completed 200 OK in 180ms (Views: 169.0ms | ActiveRecord: 2.8ms)


Started GET "/pessel_forms/new" for 127.0.0.1 at 2015-03-10 18:10:13 +0100
Processing by PesselFormsController#new as HTML
  Rendered pessel_forms/_form.html.erb (4.3ms)
  Rendered pessel_forms/new.html.erb within layouts/application (6.8ms)
Completed 200 OK in 147ms (Views: 145.5ms | ActiveRecord: 0.0ms)


Started POST "/pessel_forms" for 127.0.0.1 at 2015-03-10 18:10:17 +0100
Processing by PesselFormsController#create as HTML
  Parameters: {"utf8"=>"✓", "authenticity_token"=>"Lmp6eMEhRUqNG8OFcxPr+SyOjhTyZxdXMw1fT1/Xm6PmbV0BAmE4zkUKVQtWlrG4EyM+xC1IMhVjzFIAluKfeQ==", "pessel_form"=>{"pessel"=>"99999999999999999999"}, "commit"=>"Create Pessel form"}
  [1m[36m (0.2ms)[0m  [1mbegin transaction[0m
  [1m[35m (0.2ms)[0m  rollback transaction
  Rendered pessel_forms/_form.html.erb (10.6ms)
  Rendered pessel_forms/new.html.erb within layouts/application (16.7ms)
Completed 200 OK in 160ms (Views: 144.1ms | ActiveRecord: 0.5ms)


Started GET "/pessel_forms" for 127.0.0.1 at 2015-03-10 18:10:34 +0100
Processing by PesselFormsController#index as HTML
  [1m[36mPesselForm Load (0.5ms)[0m  [1mSELECT "pessel_forms".* FROM "pessel_forms"[0m
  Rendered pessel_forms/index.html.erb within layouts/application (3.3ms)
Completed 200 OK in 120ms (Views: 117.9ms | ActiveRecord: 0.5ms)


Started GET "/pessel_forms/new" for 127.0.0.1 at 2015-03-10 18:16:34 +0100
Processing by PesselFormsController#new as HTML
  Rendered pessel_forms/_form.html.erb (4.9ms)
  Rendered pessel_forms/new.html.erb within layouts/application (7.1ms)
Completed 200 OK in 127ms (Views: 110.7ms | ActiveRecord: 1.4ms)


Started POST "/pessel_forms" for 127.0.0.1 at 2015-03-10 18:16:39 +0100
Processing by PesselFormsController#create as HTML
  Parameters: {"utf8"=>"✓", "authenticity_token"=>"PbfeA/RcGEzB5ENk+L0lefuklYAm58/Dblac+83sVlD1sPl6NxxlyAn11erdOH84xAklUPnI6oE+l5G0BNlSig==", "pessel_form"=>{"pessel"=>"11111"}, "commit"=>"Create Pessel form"}
  [1m[35m (0.2ms)[0m  begin transaction
  [1m[36mPesselForm Exists (0.6ms)[0m  [1mSELECT  1 AS one FROM "pessel_forms" WHERE "pessel_forms"."pessel" = '11111' LIMIT 1[0m
  [1m[35m (0.2ms)[0m  rollback transaction
  Rendered pessel_forms/_form.html.erb (8.4ms)
  Rendered pessel_forms/new.html.erb within layouts/application (10.7ms)
Completed 200 OK in 409ms (Views: 140.7ms | ActiveRecord: 1.1ms)


Started POST "/pessel_forms" for 127.0.0.1 at 2015-03-10 18:40:15 +0100
Processing by PesselFormsController#create as HTML
  Parameters: {"utf8"=>"✓", "authenticity_token"=>"qvmJb6Nw6gIkxws8g5n4i59R/Bz4/abkUg46GgsO/u5i/q4WYDCXhuzWnbKmHKLKoPxMzCfSg6YCzzdVwjv6NA==", "pessel_form"=>{"pessel"=>"11111"}, "commit"=>"Create Pessel form"}
  [1m[36m (0.5ms)[0m  [1mbegin transaction[0m
  [1m[35mPesselForm Exists (0.6ms)[0m  SELECT  1 AS one FROM "pessel_forms" WHERE "pessel_forms"."pessel" = '11111' LIMIT 1
  [1m[36m (0.2ms)[0m  [1mrollback transaction[0m
  Rendered pessel_forms/_form.html.erb (10.1ms)
  Rendered pessel_forms/new.html.erb within layouts/application (12.4ms)
Completed 200 OK in 145ms (Views: 129.6ms | ActiveRecord: 1.3ms)


Started POST "/pessel_forms" for 127.0.0.1 at 2015-03-10 18:40:20 +0100
Processing by PesselFormsController#create as HTML
  Parameters: {"utf8"=>"✓", "authenticity_token"=>"BbFCphj/4yuYEKqnyDkqFMvMiSFjlg/4J44fDe9m5UfNtmXf27+er1ABPCntvHBV9GE58by5Krp3TxJCJlPhnQ==", "pessel_form"=>{"pessel"=>"111111111111111"}, "commit"=>"Create Pessel form"}
  [1m[35m (0.3ms)[0m  begin transaction
  [1m[36mPesselForm Exists (0.5ms)[0m  [1mSELECT  1 AS one FROM "pessel_forms" WHERE "pessel_forms"."pessel" = '111111111111111' LIMIT 1[0m
  [1m[35m (0.2ms)[0m  rollback transaction
  Rendered pessel_forms/_form.html.erb (5.4ms)
  Rendered pessel_forms/new.html.erb within layouts/application (8.1ms)
Completed 200 OK in 158ms (Views: 126.0ms | ActiveRecord: 1.1ms)


Started GET "/cars" for 127.0.0.1 at 2015-03-10 19:32:28 +0100

ActionController::RoutingError (No route matches [GET] "/cars"):
  actionpack (4.2.0) lib/action_dispatch/middleware/debug_exceptions.rb:21:in `call'
  web-console (2.1.1) lib/web_console/middleware.rb:37:in `call'
  actionpack (4.2.0) lib/action_dispatch/middleware/show_exceptions.rb:30:in `call'
  railties (4.2.0) lib/rails/rack/logger.rb:38:in `call_app'
  railties (4.2.0) lib/rails/rack/logger.rb:20:in `block in call'
  activesupport (4.2.0) lib/active_support/tagged_logging.rb:68:in `block in tagged'
  activesupport (4.2.0) lib/active_support/tagged_logging.rb:26:in `tagged'
  activesupport (4.2.0) lib/active_support/tagged_logging.rb:68:in `tagged'
  railties (4.2.0) lib/rails/rack/logger.rb:20:in `call'
  actionpack (4.2.0) lib/action_dispatch/middleware/request_id.rb:21:in `call'
  rack (1.6.0) lib/rack/methodoverride.rb:22:in `call'
  rack (1.6.0) lib/rack/runtime.rb:18:in `call'
  activesupport (4.2.0) lib/active_support/cache/strategy/local_cache_middleware.rb:28:in `call'
  rack (1.6.0) lib/rack/lock.rb:17:in `call'
  actionpack (4.2.0) lib/action_dispatch/middleware/static.rb:113:in `call'
  rack (1.6.0) lib/rack/sendfile.rb:113:in `call'
  railties (4.2.0) lib/rails/engine.rb:518:in `call'
  railties (4.2.0) lib/rails/application.rb:164:in `call'
  rack (1.6.0) lib/rack/lock.rb:17:in `call'
  rack (1.6.0) lib/rack/content_length.rb:15:in `call'
  rack (1.6.0) lib/rack/handler/webrick.rb:89:in `service'
  /home/arsen/.rvm/rubies/ruby-2.2.0/lib/ruby/2.2.0/webrick/httpserver.rb:138:in `service'
  /home/arsen/.rvm/rubies/ruby-2.2.0/lib/ruby/2.2.0/webrick/httpserver.rb:94:in `run'
  /home/arsen/.rvm/rubies/ruby-2.2.0/lib/ruby/2.2.0/webrick/server.rb:294:in `block in start_thread'


  Rendered /home/arsen/.rvm/gems/ruby-2.2.0/gems/actionpack-4.2.0/lib/action_dispatch/middleware/templates/rescues/_trace.html.erb (4.6ms)
  Rendered /home/arsen/.rvm/gems/ruby-2.2.0/gems/actionpack-4.2.0/lib/action_dispatch/middleware/templates/routes/_route.html.erb (4.0ms)
  Rendered /home/arsen/.rvm/gems/ruby-2.2.0/gems/actionpack-4.2.0/lib/action_dispatch/middleware/templates/routes/_table.html.erb (5.8ms)
  Rendered /home/arsen/.rvm/gems/ruby-2.2.0/gems/actionpack-4.2.0/lib/action_dispatch/middleware/templates/rescues/_request_and_response.html.erb (3.5ms)
  Rendered /home/arsen/.rvm/gems/ruby-2.2.0/gems/actionpack-4.2.0/lib/action_dispatch/middleware/templates/rescues/routing_error.html.erb within rescues/layout (63.9ms)
  Rendered /home/arsen/.rvm/gems/ruby-2.2.0/gems/web-console-2.1.1/lib/web_console/templates/_markup.html (1.1ms)
  Rendered /home/arsen/.rvm/gems/ruby-2.2.0/gems/web-console-2.1.1/lib/web_console/templates/style.css within layouts/inlined_string (0.8ms)
  Rendered /home/arsen/.rvm/gems/ruby-2.2.0/gems/web-console-2.1.1/lib/web_console/templates/_inner_console_markup.html within layouts/inlined_string (1.3ms)
  Rendered /home/arsen/.rvm/gems/ruby-2.2.0/gems/web-console-2.1.1/lib/web_console/templates/_prompt_box_markup.html within layouts/inlined_string (1.1ms)
  Rendered /home/arsen/.rvm/gems/ruby-2.2.0/gems/web-console-2.1.1/lib/web_console/templates/console.js within layouts/javascript (37.2ms)
  Rendered /home/arsen/.rvm/gems/ruby-2.2.0/gems/web-console-2.1.1/lib/web_console/templates/main.js within layouts/javascript (0.9ms)
  Rendered /home/arsen/.rvm/gems/ruby-2.2.0/gems/web-console-2.1.1/lib/web_console/templates/error_page.js within layouts/javascript (1.6ms)
  Rendered /home/arsen/.rvm/gems/ruby-2.2.0/gems/web-console-2.1.1/lib/web_console/templates/index.html (76.0ms)


Started GET "/" for 127.0.0.1 at 2015-03-10 23:10:36 +0100
  [1m[36mActiveRecord::SchemaMigration Load (0.4ms)[0m  [1mSELECT "schema_migrations".* FROM "schema_migrations"[0m
Processing by Rails::WelcomeController#index as HTML
  Rendered /home/arsen/.rvm/gems/ruby-2.2.0/gems/railties-4.2.0/lib/rails/templates/rails/welcome/index.html.erb (5.8ms)
Completed 200 OK in 114ms (Views: 78.6ms | ActiveRecord: 0.0ms)


Started GET "/pessel_forms" for 127.0.0.1 at 2015-03-10 23:10:45 +0100
Processing by PesselFormsController#index as HTML
  [1m[35mPesselForm Load (0.8ms)[0m  SELECT "pessel_forms".* FROM "pessel_forms"
  Rendered pessel_forms/index.html.erb within layouts/application (24.1ms)
Completed 200 OK in 347ms (Views: 336.5ms | ActiveRecord: 2.1ms)


Started GET "/pessel_forms/new" for 127.0.0.1 at 2015-03-10 23:10:48 +0100
Processing by PesselFormsController#new as HTML
  Rendered pessel_forms/_form.html.erb (102.1ms)
  Rendered pessel_forms/new.html.erb within layouts/application (145.9ms)
Completed 200 OK in 261ms (Views: 258.7ms | ActiveRecord: 0.0ms)


Started POST "/pessel_forms" for 127.0.0.1 at 2015-03-10 23:10:52 +0100
Processing by PesselFormsController#create as HTML
  Parameters: {"utf8"=>"✓", "authenticity_token"=>"Z6fzP/mnloF/G6MGG0lSfqRnHSN4L47havaJ0UVoAhwqJ2llwybxzgOodJ9UCYkej8hruxuXNo/FMyIG2NZ+4A==", "pessel_form"=>{"pessel"=>"111111"}, "commit"=>"Create Pessel form"}
  [1m[36m (0.3ms)[0m  [1mbegin transaction[0m
  [1m[35mPesselForm Exists (0.5ms)[0m  SELECT  1 AS one FROM "pessel_forms" WHERE "pessel_forms"."pessel" = '111111' LIMIT 1
  [1m[36m (0.3ms)[0m  [1mrollback transaction[0m
  Rendered pessel_forms/_form.html.erb (8.7ms)
  Rendered pessel_forms/new.html.erb within layouts/application (12.1ms)
Completed 200 OK in 320ms (Views: 151.0ms | ActiveRecord: 1.0ms)
